2021-08-08 08:11:31.728 ERROR 18616 --- [main] o.s.boot.SpringApplication               : Application run failed

org.springframework.boot.context.properties.bind.BindException: Failed to bind properties under 'logging.level' to java.util.Map<java.lang.String, org.springframework.boot.logging.LogLevel>
	at org.springframework.boot.context.properties.bind.Binder.handleBindError(Binder.java:363) ~[spring-boot-2.3.2.RELEASE.jar:2.3.2.RELEASE]
	at org.springframework.boot.context.properties.bind.Binder.bind(Binder.java:323) ~[spring-boot-2.3.2.RELEASE.jar:2.3.2.RELEASE]
	at org.springframework.boot.context.properties.bind.Binder.bind(Binder.java:308) ~[spring-boot-2.3.2.RELEASE.jar:2.3.2.RELEASE]
	at org.springframework.boot.context.properties.bind.Binder.bind(Binder.java:238) ~[spring-boot-2.3.2.RELEASE.jar:2.3.2.RELEASE]
	at org.springframework.boot.context.properties.bind.Binder.bind(Binder.java:212) ~[spring-boot-2.3.2.RELEASE.jar:2.3.2.RELEASE]
	at org.springframework.boot.context.logging.LoggingApplicationListener.setLogLevels(LoggingApplicationListener.java:364) ~[spring-boot-2.3.2.RELEASE.jar:2.3.2.RELEASE]
	at org.springframework.boot.context.logging.LoggingApplicationListener.initializeFinalLoggingLevels(LoggingApplicationListener.java:331) ~[spring-boot-2.3.2.RELEASE.jar:2.3.2.RELEASE]
	at org.springframework.boot.context.logging.LoggingApplicationListener.initialize(LoggingApplicationListener.java:282) ~[spring-boot-2.3.2.RELEASE.jar:2.3.2.RELEASE]
	at org.springframework.boot.context.logging.LoggingApplicationListener.onApplicationEnvironmentPreparedEvent(LoggingApplicationListener.java:239) ~[spring-boot-2.3.2.RELEASE.jar:2.3.2.RELEASE]
	at org.springframework.boot.context.logging.LoggingApplicationListener.onApplicationEvent(LoggingApplicationListener.java:216) ~[spring-boot-2.3.2.RELEASE.jar:2.3.2.RELEASE]
	at org.springframework.context.event.SimpleApplicationEventMulticaster.doInvokeListener(SimpleApplicationEventMulticaster.java:172) ~[spring-context-5.2.8.RELEASE.jar:5.2.8.RELEASE]
	at org.springframework.context.event.SimpleApplicationEventMulticaster.invokeListener(SimpleApplicationEventMulticaster.java:165) ~[spring-context-5.2.8.RELEASE.jar:5.2.8.RELEASE]
	at org.springframework.context.event.SimpleApplicationEventMulticaster.multicastEvent(SimpleApplicationEventMulticaster.java:139) ~[spring-context-5.2.8.RELEASE.jar:5.2.8.RELEASE]
	at org.springframework.context.event.SimpleApplicationEventMulticaster.multicastEvent(SimpleApplicationEventMulticaster.java:127) ~[spring-context-5.2.8.RELEASE.jar:5.2.8.RELEASE]
	at org.springframework.boot.context.event.EventPublishingRunListener.environmentPrepared(EventPublishingRunListener.java:80) ~[spring-boot-2.3.2.RELEASE.jar:2.3.2.RELEASE]
	at org.springframework.boot.SpringApplicationRunListeners.environmentPrepared(SpringApplicationRunListeners.java:53) ~[spring-boot-2.3.2.RELEASE.jar:2.3.2.RELEASE]
	at org.springframework.boot.SpringApplication.prepareEnvironment(SpringApplication.java:345) [spring-boot-2.3.2.RELEASE.jar:2.3.2.RELEASE]
	at org.springframework.boot.SpringApplication.run(SpringApplication.java:308) [spring-boot-2.3.2.RELEASE.jar:2.3.2.RELEASE]
	at org.springframework.boot.SpringApplication.run(SpringApplication.java:1237) [spring-boot-2.3.2.RELEASE.jar:2.3.2.RELEASE]
	at org.springframework.boot.SpringApplication.run(SpringApplication.java:1226) [spring-boot-2.3.2.RELEASE.jar:2.3.2.RELEASE]
	at CurrencyServiceApplication.main(CurrencyServiceApplication.java:12) [classes/:na]
Caused by: org.springframework.core.convert.ConverterNotFoundException: No converter found capable of converting from type [java.lang.String] to type [java.util.Map<java.lang.String, org.springframework.boot.logging.LogLevel>]
	at org.springframework.core.convert.support.GenericConversionService.handleConverterNotFound(GenericConversionService.java:321) ~[spring-core-5.2.8.RELEASE.jar:5.2.8.RELEASE]
	at org.springframework.core.convert.support.GenericConversionService.convert(GenericConversionService.java:194) ~[spring-core-5.2.8.RELEASE.jar:5.2.8.RELEASE]
	at org.springframework.boot.context.properties.bind.BindConverter$CompositeConversionService.convert(BindConverter.java:170) ~[spring-boot-2.3.2.RELEASE.jar:2.3.2.RELEASE]
	at org.springframework.boot.context.properties.bind.BindConverter.convert(BindConverter.java:96) ~[spring-boot-2.3.2.RELEASE.jar:2.3.2.RELEASE]
	at org.springframework.boot.context.properties.bind.BindConverter.convert(BindConverter.java:88) ~[spring-boot-2.3.2.RELEASE.jar:2.3.2.RELEASE]
	at org.springframework.boot.context.properties.bind.MapBinder.bindAggregate(MapBinder.java:64) ~[spring-boot-2.3.2.RELEASE.jar:2.3.2.RELEASE]
	at org.springframework.boot.context.properties.bind.AggregateBinder.bind(AggregateBinder.java:56) ~[spring-boot-2.3.2.RELEASE.jar:2.3.2.RELEASE]
	at org.springframework.boot.context.properties.bind.Binder.lambda$bindAggregate$3(Binder.java:414) ~[spring-boot-2.3.2.RELEASE.jar:2.3.2.RELEASE]
	at org.springframework.boot.context.properties.bind.Binder$Context.withIncreasedDepth(Binder.java:571) ~[spring-boot-2.3.2.RELEASE.jar:2.3.2.RELEASE]
	at org.springframework.boot.context.properties.bind.Binder$Context.access$100(Binder.java:512) ~[spring-boot-2.3.2.RELEASE.jar:2.3.2.RELEASE]
	at org.springframework.boot.context.properties.bind.Binder.bindAggregate(Binder.java:414) ~[spring-boot-2.3.2.RELEASE.jar:2.3.2.RELEASE]
	at org.springframework.boot.context.properties.bind.Binder.bindObject(Binder.java:375) ~[spring-boot-2.3.2.RELEASE.jar:2.3.2.RELEASE]
	at org.springframework.boot.context.properties.bind.Binder.bind(Binder.java:319) ~[spring-boot-2.3.2.RELEASE.jar:2.3.2.RELEASE]
	... 19 common frames omitted

2021-08-08 08:14:26.309  INFO 19412 --- [main] CurrencyServiceApplication      : Starting CurrencyServiceApplication on SorokDva with PID 19412 (D:\dev\IdeaProjects\currency-convertation\currency-service\target\classes started by sorok.dva in D:\dev\IdeaProjects\currency-convertation)
2021-08-08 08:14:26.311  INFO 19412 --- [main] CurrencyServiceApplication      : The following profiles are active: test
2021-08-08 08:14:27.596  INFO 19412 --- [main] o.s.b.w.embedded.tomcat.TomcatWebServer  : Tomcat initialized with port(s): 8092 (http)
2021-08-08 08:14:27.604  INFO 19412 --- [main] o.apache.catalina.core.StandardService   : Starting service [Tomcat]
2021-08-08 08:14:27.604  INFO 19412 --- [main] org.apache.catalina.core.StandardEngine  : Starting Servlet engine: [Apache Tomcat/9.0.37]
2021-08-08 08:14:27.716  INFO 19412 --- [main] o.a.c.c.C.[Tomcat].[localhost].[/]       : Initializing Spring embedded WebApplicationContext
2021-08-08 08:14:27.716  INFO 19412 --- [main] w.s.c.ServletWebServerApplicationContext : Root WebApplicationContext: initialization completed in 1351 ms
2021-08-08 08:14:28.514  INFO 19412 --- [main] o.s.s.concurrent.ThreadPoolTaskExecutor  : Initializing ExecutorService 'applicationTaskExecutor'
2021-08-08 08:14:28.798  INFO 19412 --- [main] o.s.b.w.embedded.tomcat.TomcatWebServer  : Tomcat started on port(s): 8092 (http) with context path ''
2021-08-08 08:14:28.853  INFO 19412 --- [main] CurrencyServiceApplication      : Started CurrencyServiceApplication in 3.376 seconds (JVM running for 4.272)
2021-08-08 08:16:02.667  INFO 16848 --- [main] CurrencyServiceApplication      : Starting CurrencyServiceApplication on SorokDva with PID 16848 (D:\dev\IdeaProjects\currency-convertation\currency-service\target\classes started by sorok.dva in D:\dev\IdeaProjects\currency-convertation)
2021-08-08 08:16:02.670  INFO 16848 --- [main] CurrencyServiceApplication      : The following profiles are active: test
2021-08-08 08:16:03.389  INFO 16848 --- [main] o.s.b.w.embedded.tomcat.TomcatWebServer  : Tomcat initialized with port(s): 8092 (http)
2021-08-08 08:16:03.395  INFO 16848 --- [main] o.apache.catalina.core.StandardService   : Starting service [Tomcat]
2021-08-08 08:16:03.396  INFO 16848 --- [main] org.apache.catalina.core.StandardEngine  : Starting Servlet engine: [Apache Tomcat/9.0.37]
2021-08-08 08:16:03.453  INFO 16848 --- [main] o.a.c.c.C.[Tomcat].[localhost].[/]       : Initializing Spring embedded WebApplicationContext
2021-08-08 08:16:03.453  INFO 16848 --- [main] w.s.c.ServletWebServerApplicationContext : Root WebApplicationContext: initialization completed in 735 ms
2021-08-08 08:16:03.744  INFO 16848 --- [main] o.s.s.concurrent.ThreadPoolTaskExecutor  : Initializing ExecutorService 'applicationTaskExecutor'
2021-08-08 08:16:03.866  INFO 16848 --- [main] o.s.b.w.embedded.tomcat.TomcatWebServer  : Tomcat started on port(s): 8092 (http) with context path ''
2021-08-08 08:16:03.875  INFO 16848 --- [main] CurrencyServiceApplication      : Started CurrencyServiceApplication in 1.542 seconds (JVM running for 2.313)
2021-08-08 08:16:16.926  INFO 16848 --- [http-nio-8092-exec-2] o.a.c.c.C.[Tomcat].[localhost].[/]       : Initializing Spring DispatcherServlet 'dispatcherServlet'
2021-08-08 08:16:16.926  INFO 16848 --- [http-nio-8092-exec-2] o.s.web.servlet.DispatcherServlet        : Initializing Servlet 'dispatcherServlet'
2021-08-08 08:16:16.930  INFO 16848 --- [http-nio-8092-exec-2] o.s.web.servlet.DispatcherServlet        : Completed initialization in 4 ms
2021-08-08 08:17:32.570  INFO 18436 --- [main] CurrencyServiceApplication      : Starting CurrencyServiceApplication on SorokDva with PID 18436 (D:\dev\IdeaProjects\currency-convertation\currency-service\target\classes started by sorok.dva in D:\dev\IdeaProjects\currency-convertation)
2021-08-08 08:17:32.573  INFO 18436 --- [main] CurrencyServiceApplication      : The following profiles are active: test
2021-08-08 08:17:33.258  INFO 18436 --- [main] o.s.b.w.embedded.tomcat.TomcatWebServer  : Tomcat initialized with port(s): 8092 (http)
2021-08-08 08:17:33.265  INFO 18436 --- [main] o.apache.catalina.core.StandardService   : Starting service [Tomcat]
2021-08-08 08:17:33.265  INFO 18436 --- [main] org.apache.catalina.core.StandardEngine  : Starting Servlet engine: [Apache Tomcat/9.0.37]
2021-08-08 08:17:33.322  INFO 18436 --- [main] o.a.c.c.C.[Tomcat].[localhost].[/]       : Initializing Spring embedded WebApplicationContext
2021-08-08 08:17:33.323  INFO 18436 --- [main] w.s.c.ServletWebServerApplicationContext : Root WebApplicationContext: initialization completed in 714 ms
2021-08-08 08:17:33.764  INFO 18436 --- [main] o.s.s.concurrent.ThreadPoolTaskExecutor  : Initializing ExecutorService 'applicationTaskExecutor'
2021-08-08 08:17:33.892  INFO 18436 --- [main] o.s.b.w.embedded.tomcat.TomcatWebServer  : Tomcat started on port(s): 8092 (http) with context path ''
2021-08-08 08:17:33.901  INFO 18436 --- [main] CurrencyServiceApplication      : Started CurrencyServiceApplication in 1.651 seconds (JVM running for 2.453)
2021-08-08 08:17:45.122  INFO 18436 --- [http-nio-8092-exec-2] o.a.c.c.C.[Tomcat].[localhost].[/]       : Initializing Spring DispatcherServlet 'dispatcherServlet'
2021-08-08 08:17:45.122  INFO 18436 --- [http-nio-8092-exec-2] o.s.web.servlet.DispatcherServlet        : Initializing Servlet 'dispatcherServlet'
2021-08-08 08:17:45.127  INFO 18436 --- [http-nio-8092-exec-2] o.s.web.servlet.DispatcherServlet        : Completed initialization in 5 ms
2021-08-08 08:17:45.198  INFO 18436 --- [http-nio-8092-exec-2] CurrencyServiceImpl     : Requesting for the currency conversion of USD+ for amount of 28.0
2021-08-08 08:17:45.198  INFO 18436 --- [http-nio-8092-exec-2] CurrencyServiceImpl     : Requesting to download the currency rate from external resource
2021-08-08 08:17:45.351  INFO 18436 --- [http-nio-8092-exec-2] CurrencyServiceImpl     : The currency rate list has been received
2021-08-08 08:17:45.352  INFO 18436 --- [http-nio-8092-exec-2] CurrencyServiceImpl     : The rate is 73.1304 * 28.0 = the calculated result = 2047,6511999999998
2021-08-08 08:45:19.151  INFO 4180 --- [main] CurrencyServiceApplication      : Starting CurrencyServiceApplication on SorokDva with PID 4180 (D:\dev\IdeaProjects\currency-convertation\currency-service\target\classes started by sorok.dva in D:\dev\IdeaProjects\currency-convertation)
2021-08-08 08:45:19.154  INFO 4180 --- [main] CurrencyServiceApplication      : The following profiles are active: test
2021-08-08 08:45:19.815  INFO 4180 --- [main] o.s.b.w.embedded.tomcat.TomcatWebServer  : Tomcat initialized with port(s): 8092 (http)
2021-08-08 08:45:19.822  INFO 4180 --- [main] o.apache.catalina.core.StandardService   : Starting service [Tomcat]
2021-08-08 08:45:19.822  INFO 4180 --- [main] org.apache.catalina.core.StandardEngine  : Starting Servlet engine: [Apache Tomcat/9.0.37]
2021-08-08 08:45:19.880  INFO 4180 --- [main] o.a.c.c.C.[Tomcat].[localhost].[/]       : Initializing Spring embedded WebApplicationContext
2021-08-08 08:45:19.880  INFO 4180 --- [main] w.s.c.ServletWebServerApplicationContext : Root WebApplicationContext: initialization completed in 689 ms
2021-08-08 08:45:20.282  INFO 4180 --- [main] o.s.s.concurrent.ThreadPoolTaskExecutor  : Initializing ExecutorService 'applicationTaskExecutor'
2021-08-08 08:45:20.394  INFO 4180 --- [main] o.s.b.w.embedded.tomcat.TomcatWebServer  : Tomcat started on port(s): 8092 (http) with context path ''
2021-08-08 08:45:20.402  INFO 4180 --- [main] CurrencyServiceApplication      : Started CurrencyServiceApplication in 1.57 seconds (JVM running for 2.314)
2021-08-08 08:45:29.782  INFO 4180 --- [http-nio-8092-exec-2] o.a.c.c.C.[Tomcat].[localhost].[/]       : Initializing Spring DispatcherServlet 'dispatcherServlet'
2021-08-08 08:45:29.783  INFO 4180 --- [http-nio-8092-exec-2] o.s.web.servlet.DispatcherServlet        : Initializing Servlet 'dispatcherServlet'
2021-08-08 08:45:29.787  INFO 4180 --- [http-nio-8092-exec-2] o.s.web.servlet.DispatcherServlet        : Completed initialization in 4 ms
2021-08-08 08:45:29.850  INFO 4180 --- [http-nio-8092-exec-2] CurrencyServiceImpl     : Requesting for the currency conversion of USD+ for amount of 28.0
2021-08-08 08:45:29.850  INFO 4180 --- [http-nio-8092-exec-2] CurrencyServiceImpl     : Requesting to download the currency rate from external resource
2021-08-08 08:45:29.937  INFO 4180 --- [http-nio-8092-exec-2] CurrencyServiceImpl     : The currency rate list has been received
2021-08-08 08:45:29.938  INFO 4180 --- [http-nio-8092-exec-2] CurrencyServiceImpl     : The rate is 73.1304 * 28.0 = the calculated result = 2047,6511999999998
